

Started GET "/" for ::1 at 2016-09-22 14:53:54 -0400

ActiveRecord::PendingMigrationError (

Migrations are pending. To resolve this issue, run:

	bin/rake db:migrate RAILS_ENV=development

):
  activerecord (4.2.0) lib/active_record/migration.rb:393:in `check_pending!'
  activerecord (4.2.0) lib/active_record/migration.rb:374:in `call'
  actionpack (4.2.0) lib/action_dispatch/middleware/callbacks.rb:29:in `block in call'
  activesupport (4.2.0) lib/active_support/callbacks.rb:88:in `_run_callbacks'
  activesupport (4.2.0) lib/active_support/callbacks.rb:734:in `_run_call_callbacks'
  activesupport (4.2.0) lib/active_support/callbacks.rb:81:in `run_callbacks'
  actionpack (4.2.0) lib/action_dispatch/middleware/callbacks.rb:27:in `call'
  actionpack (4.2.0) lib/action_dispatch/middleware/reloader.rb:73:in `call'
  actionpack (4.2.0) lib/action_dispatch/middleware/remote_ip.rb:78:in `call'
  actionpack (4.2.0) lib/action_dispatch/middleware/debug_exceptions.rb:17:in `call'
  web-console (2.3.0) lib/web_console/middleware.rb:28:in `block in call'
  web-console (2.3.0) lib/web_console/middleware.rb:18:in `catch'
  web-console (2.3.0) lib/web_console/middleware.rb:18:in `call'
  actionpack (4.2.0) lib/action_dispatch/middleware/show_exceptions.rb:30:in `call'
  railties (4.2.0) lib/rails/rack/logger.rb:38:in `call_app'
  railties (4.2.0) lib/rails/rack/logger.rb:20:in `block in call'
  activesupport (4.2.0) lib/active_support/tagged_logging.rb:68:in `block in tagged'
  activesupport (4.2.0) lib/active_support/tagged_logging.rb:26:in `tagged'
  activesupport (4.2.0) lib/active_support/tagged_logging.rb:68:in `tagged'
  railties (4.2.0) lib/rails/rack/logger.rb:20:in `call'
  actionpack (4.2.0) lib/action_dispatch/middleware/request_id.rb:21:in `call'
  rack (1.6.4) lib/rack/methodoverride.rb:22:in `call'
  rack (1.6.4) lib/rack/runtime.rb:18:in `call'
  activesupport (4.2.0) lib/active_support/cache/strategy/local_cache_middleware.rb:28:in `call'
  rack (1.6.4) lib/rack/lock.rb:17:in `call'
  actionpack (4.2.0) lib/action_dispatch/middleware/static.rb:113:in `call'
  rack (1.6.4) lib/rack/sendfile.rb:113:in `call'
  railties (4.2.0) lib/rails/engine.rb:518:in `call'
  railties (4.2.0) lib/rails/application.rb:164:in `call'
  rack (1.6.4) lib/rack/lock.rb:17:in `call'
  rack (1.6.4) lib/rack/content_length.rb:15:in `call'
  rack (1.6.4) lib/rack/handler/webrick.rb:88:in `service'
  /Users/LillianPham/.rvm/rubies/ruby-2.3.1/lib/ruby/2.3.0/webrick/httpserver.rb:140:in `service'
  /Users/LillianPham/.rvm/rubies/ruby-2.3.1/lib/ruby/2.3.0/webrick/httpserver.rb:96:in `run'
  /Users/LillianPham/.rvm/rubies/ruby-2.3.1/lib/ruby/2.3.0/webrick/server.rb:296:in `block in start_thread'


  Rendered /Users/LillianPham/.rvm/gems/ruby-2.3.1/gems/actionpack-4.2.0/lib/action_dispatch/middleware/templates/rescues/_source.erb (2.2ms)
  Rendered /Users/LillianPham/.rvm/gems/ruby-2.3.1/gems/actionpack-4.2.0/lib/action_dispatch/middleware/templates/rescues/_trace.html.erb (1.2ms)
  Rendered /Users/LillianPham/.rvm/gems/ruby-2.3.1/gems/actionpack-4.2.0/lib/action_dispatch/middleware/templates/rescues/_request_and_response.html.erb (0.7ms)
  Rendered /Users/LillianPham/.rvm/gems/ruby-2.3.1/gems/actionpack-4.2.0/lib/action_dispatch/middleware/templates/rescues/diagnostics.html.erb within rescues/layout (48.8ms)
  Rendered /Users/LillianPham/.rvm/gems/ruby-2.3.1/gems/web-console-2.3.0/lib/web_console/templates/_markup.html.erb (0.6ms)
  Rendered /Users/LillianPham/.rvm/gems/ruby-2.3.1/gems/web-console-2.3.0/lib/web_console/templates/_inner_console_markup.html.erb within layouts/inlined_string (0.4ms)
  Rendered /Users/LillianPham/.rvm/gems/ruby-2.3.1/gems/web-console-2.3.0/lib/web_console/templates/_prompt_box_markup.html.erb within layouts/inlined_string (0.3ms)
  Rendered /Users/LillianPham/.rvm/gems/ruby-2.3.1/gems/web-console-2.3.0/lib/web_console/templates/style.css.erb within layouts/inlined_string (0.4ms)
  Rendered /Users/LillianPham/.rvm/gems/ruby-2.3.1/gems/web-console-2.3.0/lib/web_console/templates/console.js.erb within layouts/javascript (383.0ms)
  Rendered /Users/LillianPham/.rvm/gems/ruby-2.3.1/gems/web-console-2.3.0/lib/web_console/templates/main.js.erb within layouts/javascript (0.3ms)
  Rendered /Users/LillianPham/.rvm/gems/ruby-2.3.1/gems/web-console-2.3.0/lib/web_console/templates/error_page.js.erb within layouts/javascript (0.4ms)
  Rendered /Users/LillianPham/.rvm/gems/ruby-2.3.1/gems/web-console-2.3.0/lib/web_console/templates/index.html.erb (463.1ms)


Started GET "/" for ::1 at 2016-09-22 14:53:55 -0400

ActiveRecord::PendingMigrationError (

Migrations are pending. To resolve this issue, run:

	bin/rake db:migrate RAILS_ENV=development

):
  activerecord (4.2.0) lib/active_record/migration.rb:393:in `check_pending!'
  activerecord (4.2.0) lib/active_record/migration.rb:374:in `call'
  actionpack (4.2.0) lib/action_dispatch/middleware/callbacks.rb:29:in `block in call'
  activesupport (4.2.0) lib/active_support/callbacks.rb:88:in `_run_callbacks'
  activesupport (4.2.0) lib/active_support/callbacks.rb:734:in `_run_call_callbacks'
  activesupport (4.2.0) lib/active_support/callbacks.rb:81:in `run_callbacks'
  actionpack (4.2.0) lib/action_dispatch/middleware/callbacks.rb:27:in `call'
  actionpack (4.2.0) lib/action_dispatch/middleware/reloader.rb:73:in `call'
  actionpack (4.2.0) lib/action_dispatch/middleware/remote_ip.rb:78:in `call'
  actionpack (4.2.0) lib/action_dispatch/middleware/debug_exceptions.rb:17:in `call'
  web-console (2.3.0) lib/web_console/middleware.rb:28:in `block in call'
  web-console (2.3.0) lib/web_console/middleware.rb:18:in `catch'
  web-console (2.3.0) lib/web_console/middleware.rb:18:in `call'
  actionpack (4.2.0) lib/action_dispatch/middleware/show_exceptions.rb:30:in `call'
  railties (4.2.0) lib/rails/rack/logger.rb:38:in `call_app'
  railties (4.2.0) lib/rails/rack/logger.rb:20:in `block in call'
  activesupport (4.2.0) lib/active_support/tagged_logging.rb:68:in `block in tagged'
  activesupport (4.2.0) lib/active_support/tagged_logging.rb:26:in `tagged'
  activesupport (4.2.0) lib/active_support/tagged_logging.rb:68:in `tagged'
  railties (4.2.0) lib/rails/rack/logger.rb:20:in `call'
  actionpack (4.2.0) lib/action_dispatch/middleware/request_id.rb:21:in `call'
  rack (1.6.4) lib/rack/methodoverride.rb:22:in `call'
  rack (1.6.4) lib/rack/runtime.rb:18:in `call'
  activesupport (4.2.0) lib/active_support/cache/strategy/local_cache_middleware.rb:28:in `call'
  rack (1.6.4) lib/rack/lock.rb:17:in `call'
  actionpack (4.2.0) lib/action_dispatch/middleware/static.rb:113:in `call'
  rack (1.6.4) lib/rack/sendfile.rb:113:in `call'
  railties (4.2.0) lib/rails/engine.rb:518:in `call'
  railties (4.2.0) lib/rails/application.rb:164:in `call'
  rack (1.6.4) lib/rack/lock.rb:17:in `call'
  rack (1.6.4) lib/rack/content_length.rb:15:in `call'
  rack (1.6.4) lib/rack/handler/webrick.rb:88:in `service'
  /Users/LillianPham/.rvm/rubies/ruby-2.3.1/lib/ruby/2.3.0/webrick/httpserver.rb:140:in `service'
  /Users/LillianPham/.rvm/rubies/ruby-2.3.1/lib/ruby/2.3.0/webrick/httpserver.rb:96:in `run'
  /Users/LillianPham/.rvm/rubies/ruby-2.3.1/lib/ruby/2.3.0/webrick/server.rb:296:in `block in start_thread'


  Rendered /Users/LillianPham/.rvm/gems/ruby-2.3.1/gems/actionpack-4.2.0/lib/action_dispatch/middleware/templates/rescues/_source.erb (2.1ms)
  Rendered /Users/LillianPham/.rvm/gems/ruby-2.3.1/gems/actionpack-4.2.0/lib/action_dispatch/middleware/templates/rescues/_trace.html.erb (1.2ms)
  Rendered /Users/LillianPham/.rvm/gems/ruby-2.3.1/gems/actionpack-4.2.0/lib/action_dispatch/middleware/templates/rescues/_request_and_response.html.erb (0.8ms)
  Rendered /Users/LillianPham/.rvm/gems/ruby-2.3.1/gems/actionpack-4.2.0/lib/action_dispatch/middleware/templates/rescues/diagnostics.html.erb within rescues/layout (40.7ms)
  Rendered /Users/LillianPham/.rvm/gems/ruby-2.3.1/gems/web-console-2.3.0/lib/web_console/templates/_markup.html.erb (0.4ms)
  Rendered /Users/LillianPham/.rvm/gems/ruby-2.3.1/gems/web-console-2.3.0/lib/web_console/templates/_inner_console_markup.html.erb within layouts/inlined_string (0.3ms)
  Rendered /Users/LillianPham/.rvm/gems/ruby-2.3.1/gems/web-console-2.3.0/lib/web_console/templates/_prompt_box_markup.html.erb within layouts/inlined_string (0.2ms)
  Rendered /Users/LillianPham/.rvm/gems/ruby-2.3.1/gems/web-console-2.3.0/lib/web_console/templates/style.css.erb within layouts/inlined_string (0.3ms)
  Rendered /Users/LillianPham/.rvm/gems/ruby-2.3.1/gems/web-console-2.3.0/lib/web_console/templates/console.js.erb within layouts/javascript (37.9ms)
  Rendered /Users/LillianPham/.rvm/gems/ruby-2.3.1/gems/web-console-2.3.0/lib/web_console/templates/main.js.erb within layouts/javascript (0.3ms)
  Rendered /Users/LillianPham/.rvm/gems/ruby-2.3.1/gems/web-console-2.3.0/lib/web_console/templates/error_page.js.erb within layouts/javascript (0.4ms)
  Rendered /Users/LillianPham/.rvm/gems/ruby-2.3.1/gems/web-console-2.3.0/lib/web_console/templates/index.html.erb (83.0ms)


Started GET "/" for ::1 at 2016-09-22 18:11:36 -0400

ActiveRecord::PendingMigrationError (

Migrations are pending. To resolve this issue, run:

	bin/rake db:migrate RAILS_ENV=development

):
  activerecord (4.2.3) lib/active_record/migration.rb:392:in `check_pending!'
  activerecord (4.2.3) lib/active_record/migration.rb:373:in `call'
  actionpack (4.2.3) lib/action_dispatch/middleware/callbacks.rb:29:in `block in call'
  activesupport (4.2.3) lib/active_support/callbacks.rb:84:in `run_callbacks'
  actionpack (4.2.3) lib/action_dispatch/middleware/callbacks.rb:27:in `call'
  actionpack (4.2.3) lib/action_dispatch/middleware/reloader.rb:73:in `call'
  actionpack (4.2.3) lib/action_dispatch/middleware/remote_ip.rb:78:in `call'
  actionpack (4.2.3) lib/action_dispatch/middleware/debug_exceptions.rb:17:in `call'
  web-console (2.3.0) lib/web_console/middleware.rb:28:in `block in call'
  web-console (2.3.0) lib/web_console/middleware.rb:18:in `catch'
  web-console (2.3.0) lib/web_console/middleware.rb:18:in `call'
  actionpack (4.2.3) lib/action_dispatch/middleware/show_exceptions.rb:30:in `call'
  railties (4.2.3) lib/rails/rack/logger.rb:38:in `call_app'
  railties (4.2.3) lib/rails/rack/logger.rb:20:in `block in call'
  activesupport (4.2.3) lib/active_support/tagged_logging.rb:68:in `block in tagged'
  activesupport (4.2.3) lib/active_support/tagged_logging.rb:26:in `tagged'
  activesupport (4.2.3) lib/active_support/tagged_logging.rb:68:in `tagged'
  railties (4.2.3) lib/rails/rack/logger.rb:20:in `call'
  actionpack (4.2.3) lib/action_dispatch/middleware/request_id.rb:21:in `call'
  rack (1.6.4) lib/rack/methodoverride.rb:22:in `call'
  rack (1.6.4) lib/rack/runtime.rb:18:in `call'
  activesupport (4.2.3) lib/active_support/cache/strategy/local_cache_middleware.rb:28:in `call'
  rack (1.6.4) lib/rack/lock.rb:17:in `call'
  actionpack (4.2.3) lib/action_dispatch/middleware/static.rb:116:in `call'
  rack (1.6.4) lib/rack/sendfile.rb:113:in `call'
  railties (4.2.3) lib/rails/engine.rb:518:in `call'
  railties (4.2.3) lib/rails/application.rb:165:in `call'
  rack (1.6.4) lib/rack/lock.rb:17:in `call'
  rack (1.6.4) lib/rack/content_length.rb:15:in `call'
  rack (1.6.4) lib/rack/handler/webrick.rb:88:in `service'
  /Users/LillianPham/.rvm/rubies/ruby-2.3.1/lib/ruby/2.3.0/webrick/httpserver.rb:140:in `service'
  /Users/LillianPham/.rvm/rubies/ruby-2.3.1/lib/ruby/2.3.0/webrick/httpserver.rb:96:in `run'
  /Users/LillianPham/.rvm/rubies/ruby-2.3.1/lib/ruby/2.3.0/webrick/server.rb:296:in `block in start_thread'


  Rendered /Users/LillianPham/.rvm/gems/ruby-2.3.1/gems/actionpack-4.2.3/lib/action_dispatch/middleware/templates/rescues/_source.erb (1.9ms)
  Rendered /Users/LillianPham/.rvm/gems/ruby-2.3.1/gems/actionpack-4.2.3/lib/action_dispatch/middleware/templates/rescues/_trace.html.erb (2.2ms)
  Rendered /Users/LillianPham/.rvm/gems/ruby-2.3.1/gems/actionpack-4.2.3/lib/action_dispatch/middleware/templates/rescues/_request_and_response.html.erb (0.8ms)
  Rendered /Users/LillianPham/.rvm/gems/ruby-2.3.1/gems/actionpack-4.2.3/lib/action_dispatch/middleware/templates/rescues/diagnostics.html.erb within rescues/layout (50.5ms)
  Rendered /Users/LillianPham/.rvm/gems/ruby-2.3.1/gems/web-console-2.3.0/lib/web_console/templates/_markup.html.erb (0.6ms)
  Rendered /Users/LillianPham/.rvm/gems/ruby-2.3.1/gems/web-console-2.3.0/lib/web_console/templates/_inner_console_markup.html.erb within layouts/inlined_string (0.3ms)
  Rendered /Users/LillianPham/.rvm/gems/ruby-2.3.1/gems/web-console-2.3.0/lib/web_console/templates/_prompt_box_markup.html.erb within layouts/inlined_string (0.3ms)
  Rendered /Users/LillianPham/.rvm/gems/ruby-2.3.1/gems/web-console-2.3.0/lib/web_console/templates/style.css.erb within layouts/inlined_string (0.3ms)
  Rendered /Users/LillianPham/.rvm/gems/ruby-2.3.1/gems/web-console-2.3.0/lib/web_console/templates/console.js.erb within layouts/javascript (464.6ms)
  Rendered /Users/LillianPham/.rvm/gems/ruby-2.3.1/gems/web-console-2.3.0/lib/web_console/templates/main.js.erb within layouts/javascript (0.3ms)
  Rendered /Users/LillianPham/.rvm/gems/ruby-2.3.1/gems/web-console-2.3.0/lib/web_console/templates/error_page.js.erb within layouts/javascript (0.4ms)
  Rendered /Users/LillianPham/.rvm/gems/ruby-2.3.1/gems/web-console-2.3.0/lib/web_console/templates/index.html.erb (525.1ms)
  [1m[36m (4.3ms)[0m  [1mCREATE TABLE "schema_migrations" ("version" varchar NOT NULL) [0m
  [1m[35m (0.1ms)[0m  select sqlite_version(*)
  [1m[36m (1.7ms)[0m  [1mCREATE UNIQUE INDEX "unique_schema_migrations" ON "schema_migrations" ("version")[0m
  [1m[35mActiveRecord::SchemaMigration Load (0.1ms)[0m  SELECT "schema_migrations".* FROM "schema_migrations"
Migrating to CreateBarbecues (20150220021436)
  [1m[36m (0.1ms)[0m  [1mbegin transaction[0m
  [1m[35m (0.4ms)[0m  CREATE TABLE "barbecues" ("id" INTEGER PRIMARY KEY AUTOINCREMENT NOT NULL, "date" datetime, "title" varchar, "venue" varchar, "created_at" datetime NOT NULL, "updated_at" datetime NOT NULL) 
  [1m[36mSQL (0.3ms)[0m  [1mINSERT INTO "schema_migrations" ("version") VALUES (?)[0m  [["version", "20150220021436"]]
  [1m[35m (1.6ms)[0m  commit transaction
Migrating to DeviseCreateUsers (20160922200904)
  [1m[36m (0.1ms)[0m  [1mbegin transaction[0m
  [1m[35m (0.4ms)[0m  CREATE TABLE "users" ("id" INTEGER PRIMARY KEY AUTOINCREMENT NOT NULL, "email" varchar DEFAULT '' NOT NULL, "encrypted_password" varchar DEFAULT '' NOT NULL, "reset_password_token" varchar, "reset_password_sent_at" datetime, "remember_created_at" datetime, "sign_in_count" integer DEFAULT 0 NOT NULL, "current_sign_in_at" datetime, "last_sign_in_at" datetime, "current_sign_in_ip" varchar, "last_sign_in_ip" varchar, "name" varchar, "created_at" datetime NOT NULL, "updated_at" datetime NOT NULL) 
  [1m[36m (0.5ms)[0m  [1mCREATE UNIQUE INDEX "index_users_on_email" ON "users" ("email")[0m
  [1m[35m (0.1ms)[0m              SELECT sql
            FROM sqlite_master
            WHERE name='index_users_on_email' AND type='index'
            UNION ALL
            SELECT sql
            FROM sqlite_temp_master
            WHERE name='index_users_on_email' AND type='index'

  [1m[36m (0.1ms)[0m  [1mCREATE UNIQUE INDEX "index_users_on_reset_password_token" ON "users" ("reset_password_token")[0m
  [1m[35mSQL (0.1ms)[0m  INSERT INTO "schema_migrations" ("version") VALUES (?)  [["version", "20160922200904"]]
  [1m[36m (1.8ms)[0m  [1mcommit transaction[0m
  [1m[35mActiveRecord::SchemaMigration Load (0.1ms)[0m  SELECT "schema_migrations".* FROM "schema_migrations"
  [1m[36m (0.1ms)[0m  [1m            SELECT sql
            FROM sqlite_master
            WHERE name='index_users_on_reset_password_token' AND type='index'
            UNION ALL
            SELECT sql
            FROM sqlite_temp_master
            WHERE name='index_users_on_reset_password_token' AND type='index'
[0m
  [1m[35m (0.2ms)[0m              SELECT sql
            FROM sqlite_master
            WHERE name='index_users_on_email' AND type='index'
            UNION ALL
            SELECT sql
            FROM sqlite_temp_master
            WHERE name='index_users_on_email' AND type='index'



Started GET "/" for ::1 at 2016-09-22 18:12:06 -0400
  [1m[36mActiveRecord::SchemaMigration Load (0.2ms)[0m  [1mSELECT "schema_migrations".* FROM "schema_migrations"[0m
Processing by BarbecuesController#index as HTML
  [1m[35mBarbecue Load (0.2ms)[0m  SELECT "barbecues".* FROM "barbecues"  ORDER BY "barbecues"."date" ASC
  Rendered barbecues/index.html.erb within layouts/application (1.8ms)
Completed 200 OK in 3243ms (Views: 3239.3ms | ActiveRecord: 0.3ms)


Started GET "/assets/application.self-43e07e36791731818727395c4a8e74ba48b66b09390bd4b0df842aae84ed1c58.css?body=1" for ::1 at 2016-09-22 18:12:10 -0400


Started GET "/assets/jquery.self-bd7ddd393353a8d2480a622e80342adf488fb6006d667e8b42e4c0073393abee.js?body=1" for ::1 at 2016-09-22 18:12:10 -0400


Started GET "/assets/jquery_ujs.self-784a997f6726036b1993eb2217c9cb558e1cbb801c6da88105588c56f13b466a.js?body=1" for ::1 at 2016-09-22 18:12:10 -0400


Started GET "/assets/moment.self-0da3eb4ebf8fb8c3113d89afb90e5b7a87760d21b5b39a405a51fe05c8e40fd8.js?body=1" for ::1 at 2016-09-22 18:12:10 -0400


Started GET "/assets/application.self-3a3c8b61bda630ee689740ce7cbd0dd8ea6fdd45e2c42eef4661ab38cf268afe.js?body=1" for ::1 at 2016-09-22 18:12:10 -0400


Started GET "/assets/barbecues.self-769ad38923b78222da246dbdb074130da45744a25aca2328728f5e162936500c.js?body=1" for ::1 at 2016-09-22 18:12:10 -0400


Started GET "/barbecues/new" for ::1 at 2016-09-22 18:12:21 -0400
Processing by BarbecuesController#new as HTML
  Rendered barbecues/new.html.erb within layouts/application (28.1ms)
Completed 200 OK in 66ms (Views: 53.6ms | ActiveRecord: 0.3ms)


Started POST "/barbecues" for ::1 at 2016-09-22 18:12:30 -0400
Processing by BarbecuesController#create as HTML
  Parameters: {"utf8"=>"✓", "authenticity_token"=>"vvNnapZ7V3AKCKj7lZT1PjPL53zl/0tkJsutyk2Z0efb9s6I+IeqywpqyBgsO5qQKgb/1FYigQOBFkWqKh7HgA==", "barbecue"=>{"title"=>"LILLYS EXTRAVAGANZA!", "venue"=>"Bob's Lighthouse", "date"=>"2016-09-23"}}
  [1m[36m (0.1ms)[0m  [1mbegin transaction[0m
  [1m[35mSQL (1.4ms)[0m  INSERT INTO "barbecues" ("title", "venue", "date", "created_at", "updated_at") VALUES (?, ?, ?, ?, ?)  [["title", "LILLYS EXTRAVAGANZA!"], ["venue", "Bob's Lighthouse"], ["date", "2016-09-23 00:00:00.000000"], ["created_at", "2016-09-22 22:12:30.505281"], ["updated_at", "2016-09-22 22:12:30.505281"]]
  [1m[36m (1.9ms)[0m  [1mcommit transaction[0m
Redirected to http://localhost:3000/barbecues
Completed 302 Found in 17ms (ActiveRecord: 3.4ms)


Started GET "/barbecues" for ::1 at 2016-09-22 18:12:30 -0400
Processing by BarbecuesController#index as HTML
  [1m[35mBarbecue Load (0.2ms)[0m  SELECT "barbecues".* FROM "barbecues"  ORDER BY "barbecues"."date" ASC
  Rendered barbecues/index.html.erb within layouts/application (1.4ms)
Completed 200 OK in 40ms (Views: 38.8ms | ActiveRecord: 0.2ms)


Started GET "/assets/bootstrap/glyphicons-halflings-regular-fe185d11a49676890d47bb783312a0cda5a44c4039214094e7957b4c040ef11c.woff2" for ::1 at 2016-09-22 18:12:30 -0400


Started GET "/barbecues/new" for ::1 at 2016-09-22 18:12:31 -0400
Processing by BarbecuesController#new as HTML
  Rendered barbecues/new.html.erb within layouts/application (2.5ms)
Completed 200 OK in 28ms (Views: 28.0ms | ActiveRecord: 0.0ms)


Started POST "/barbecues" for ::1 at 2016-09-22 18:12:40 -0400
Processing by BarbecuesController#create as HTML
  Parameters: {"utf8"=>"✓", "authenticity_token"=>"bxpj9+sYmS97FE1kNJAAVAYkhtU2w8TxSq3uhyd/rJ4KH8oVheRklHt2LYeNP2/6H+mefYUeDpbtcAbnQPi6+Q==", "barbecue"=>{"title"=>"Honky Tonkin'", "venue"=>"Wild Horse Saloon", "date"=>"2016-09-30"}}
  [1m[36m (0.1ms)[0m  [1mbegin transaction[0m
  [1m[35mSQL (0.3ms)[0m  INSERT INTO "barbecues" ("title", "venue", "date", "created_at", "updated_at") VALUES (?, ?, ?, ?, ?)  [["title", "Honky Tonkin'"], ["venue", "Wild Horse Saloon"], ["date", "2016-09-30 00:00:00.000000"], ["created_at", "2016-09-22 22:12:40.226690"], ["updated_at", "2016-09-22 22:12:40.226690"]]
  [1m[36m (1.6ms)[0m  [1mcommit transaction[0m
Redirected to http://localhost:3000/barbecues
Completed 302 Found in 6ms (ActiveRecord: 2.0ms)


Started GET "/barbecues" for ::1 at 2016-09-22 18:12:40 -0400
Processing by BarbecuesController#index as HTML
  [1m[35mBarbecue Load (0.5ms)[0m  SELECT "barbecues".* FROM "barbecues"  ORDER BY "barbecues"."date" ASC
  Rendered barbecues/index.html.erb within layouts/application (2.8ms)
Completed 200 OK in 47ms (Views: 46.0ms | ActiveRecord: 0.5ms)


Started GET "/barbecues/new" for ::1 at 2016-09-22 18:12:41 -0400
Processing by BarbecuesController#new as HTML
  Rendered barbecues/new.html.erb within layouts/application (1.9ms)
Completed 200 OK in 19ms (Views: 19.2ms | ActiveRecord: 0.0ms)


Started POST "/barbecues" for ::1 at 2016-09-22 18:13:10 -0400
Processing by BarbecuesController#create as HTML
  Parameters: {"utf8"=>"✓", "authenticity_token"=>"cn4n8Fd2rASP4GugFkvytThni+mKqevuS6B2de19L7AXe44SOYpRv4+CC0Ov5J0bIaqTQTl0IYnsfZ4Vivo51w==", "barbecue"=>{"title"=>"HATTIE B'S HOT CHEEKINN", "venue"=>"Hot Chicken Palace", "date"=>"2016-12-24"}}
  [1m[36m (0.1ms)[0m  [1mbegin transaction[0m
  [1m[35mSQL (0.3ms)[0m  INSERT INTO "barbecues" ("title", "venue", "date", "created_at", "updated_at") VALUES (?, ?, ?, ?, ?)  [["title", "HATTIE B'S HOT CHEEKINN"], ["venue", "Hot Chicken Palace"], ["date", "2016-12-24 00:00:00.000000"], ["created_at", "2016-09-22 22:13:10.668177"], ["updated_at", "2016-09-22 22:13:10.668177"]]
  [1m[36m (4.1ms)[0m  [1mcommit transaction[0m
Redirected to http://localhost:3000/barbecues
Completed 302 Found in 7ms (ActiveRecord: 4.4ms)


Started GET "/barbecues" for ::1 at 2016-09-22 18:13:10 -0400
Processing by BarbecuesController#index as HTML
  [1m[35mBarbecue Load (0.2ms)[0m  SELECT "barbecues".* FROM "barbecues"  ORDER BY "barbecues"."date" ASC
  Rendered barbecues/index.html.erb within layouts/application (2.1ms)
Completed 200 OK in 38ms (Views: 37.0ms | ActiveRecord: 0.2ms)


Started GET "/" for ::1 at 2016-09-22 18:13:14 -0400
Processing by BarbecuesController#index as HTML
  [1m[36mBarbecue Load (0.1ms)[0m  [1mSELECT "barbecues".* FROM "barbecues"  ORDER BY "barbecues"."date" ASC[0m
  Rendered barbecues/index.html.erb within layouts/application (1.1ms)
Completed 200 OK in 23ms (Views: 22.3ms | ActiveRecord: 0.1ms)


Started POST "/api/barbecues/1/join" for ::1 at 2016-09-22 18:13:15 -0400

ActionController::RoutingError (No route matches [POST] "/api/barbecues/1/join"):
  actionpack (4.2.3) lib/action_dispatch/middleware/debug_exceptions.rb:21:in `call'
  web-console (2.3.0) lib/web_console/middleware.rb:28:in `block in call'
  web-console (2.3.0) lib/web_console/middleware.rb:18:in `catch'
  web-console (2.3.0) lib/web_console/middleware.rb:18:in `call'
  actionpack (4.2.3) lib/action_dispatch/middleware/show_exceptions.rb:30:in `call'
  railties (4.2.3) lib/rails/rack/logger.rb:38:in `call_app'
  railties (4.2.3) lib/rails/rack/logger.rb:20:in `block in call'
  activesupport (4.2.3) lib/active_support/tagged_logging.rb:68:in `block in tagged'
  activesupport (4.2.3) lib/active_support/tagged_logging.rb:26:in `tagged'
  activesupport (4.2.3) lib/active_support/tagged_logging.rb:68:in `tagged'
  railties (4.2.3) lib/rails/rack/logger.rb:20:in `call'
  actionpack (4.2.3) lib/action_dispatch/middleware/request_id.rb:21:in `call'
  rack (1.6.4) lib/rack/methodoverride.rb:22:in `call'
  rack (1.6.4) lib/rack/runtime.rb:18:in `call'
  activesupport (4.2.3) lib/active_support/cache/strategy/local_cache_middleware.rb:28:in `call'
  rack (1.6.4) lib/rack/lock.rb:17:in `call'
  actionpack (4.2.3) lib/action_dispatch/middleware/static.rb:116:in `call'
  rack (1.6.4) lib/rack/sendfile.rb:113:in `call'
  railties (4.2.3) lib/rails/engine.rb:518:in `call'
  railties (4.2.3) lib/rails/application.rb:165:in `call'
  rack (1.6.4) lib/rack/lock.rb:17:in `call'
  rack (1.6.4) lib/rack/content_length.rb:15:in `call'
  rack (1.6.4) lib/rack/handler/webrick.rb:88:in `service'
  /Users/LillianPham/.rvm/rubies/ruby-2.3.1/lib/ruby/2.3.0/webrick/httpserver.rb:140:in `service'
  /Users/LillianPham/.rvm/rubies/ruby-2.3.1/lib/ruby/2.3.0/webrick/httpserver.rb:96:in `run'
  /Users/LillianPham/.rvm/rubies/ruby-2.3.1/lib/ruby/2.3.0/webrick/server.rb:296:in `block in start_thread'


  Rendered /Users/LillianPham/.rvm/gems/ruby-2.3.1/gems/actionpack-4.2.3/lib/action_dispatch/middleware/templates/rescues/_trace.text.erb (0.5ms)
  Rendered /Users/LillianPham/.rvm/gems/ruby-2.3.1/gems/actionpack-4.2.3/lib/action_dispatch/middleware/templates/rescues/routing_error.text.erb (15.0ms)


Started GET "/" for ::1 at 2016-09-22 18:17:49 -0400
Processing by BarbecuesController#index as HTML
  [1m[35mBarbecue Load (0.1ms)[0m  SELECT "barbecues".* FROM "barbecues"  ORDER BY "barbecues"."date" ASC
  Rendered barbecues/index.html.erb within layouts/application (1.5ms)
Completed 200 OK in 49ms (Views: 48.6ms | ActiveRecord: 0.1ms)


Started GET "/assets/application.self-43e07e36791731818727395c4a8e74ba48b66b09390bd4b0df842aae84ed1c58.css?body=1" for ::1 at 2016-09-22 18:17:49 -0400


Started GET "/assets/jquery.self-bd7ddd393353a8d2480a622e80342adf488fb6006d667e8b42e4c0073393abee.js?body=1" for ::1 at 2016-09-22 18:17:49 -0400


Started GET "/assets/jquery_ujs.self-784a997f6726036b1993eb2217c9cb558e1cbb801c6da88105588c56f13b466a.js?body=1" for ::1 at 2016-09-22 18:17:49 -0400


Started GET "/assets/barbecues.self-769ad38923b78222da246dbdb074130da45744a25aca2328728f5e162936500c.js?body=1" for ::1 at 2016-09-22 18:17:49 -0400


Started GET "/assets/moment.self-0da3eb4ebf8fb8c3113d89afb90e5b7a87760d21b5b39a405a51fe05c8e40fd8.js?body=1" for ::1 at 2016-09-22 18:17:49 -0400


Started GET "/assets/application.self-3a3c8b61bda630ee689740ce7cbd0dd8ea6fdd45e2c42eef4661ab38cf268afe.js?body=1" for ::1 at 2016-09-22 18:17:49 -0400


Started GET "/" for ::1 at 2016-09-22 18:17:54 -0400
Processing by BarbecuesController#index as HTML
  [1m[36mBarbecue Load (0.1ms)[0m  [1mSELECT "barbecues".* FROM "barbecues"  ORDER BY "barbecues"."date" ASC[0m
  Rendered barbecues/index.html.erb within layouts/application (1.2ms)
Completed 200 OK in 22ms (Views: 21.6ms | ActiveRecord: 0.1ms)


Started GET "/" for ::1 at 2016-09-22 18:18:02 -0400
Processing by BarbecuesController#index as HTML
  [1m[35mBarbecue Load (0.3ms)[0m  SELECT "barbecues".* FROM "barbecues"  ORDER BY "barbecues"."date" ASC
  Rendered barbecues/index.html.erb within layouts/application (2.3ms)
Completed 200 OK in 22ms (Views: 21.9ms | ActiveRecord: 0.3ms)


Started GET "/assets/jquery.self-bd7ddd393353a8d2480a622e80342adf488fb6006d667e8b42e4c0073393abee.js?body=1" for ::1 at 2016-09-22 18:18:02 -0400


Started GET "/assets/application.self-43e07e36791731818727395c4a8e74ba48b66b09390bd4b0df842aae84ed1c58.css?body=1" for ::1 at 2016-09-22 18:18:02 -0400


Started GET "/assets/jquery_ujs.self-784a997f6726036b1993eb2217c9cb558e1cbb801c6da88105588c56f13b466a.js?body=1" for ::1 at 2016-09-22 18:18:02 -0400


Started GET "/assets/application.self-3a3c8b61bda630ee689740ce7cbd0dd8ea6fdd45e2c42eef4661ab38cf268afe.js?body=1" for ::1 at 2016-09-22 18:18:02 -0400


Started GET "/assets/moment.self-0da3eb4ebf8fb8c3113d89afb90e5b7a87760d21b5b39a405a51fe05c8e40fd8.js?body=1" for ::1 at 2016-09-22 18:18:02 -0400


Started GET "/assets/barbecues.self-769ad38923b78222da246dbdb074130da45744a25aca2328728f5e162936500c.js?body=1" for ::1 at 2016-09-22 18:18:02 -0400


Started GET "/" for ::1 at 2016-09-22 18:18:10 -0400
Processing by BarbecuesController#index as HTML
  [1m[36mBarbecue Load (0.1ms)[0m  [1mSELECT "barbecues".* FROM "barbecues"  ORDER BY "barbecues"."date" ASC[0m
  Rendered barbecues/index.html.erb within layouts/application (1.2ms)
Completed 500 Internal Server Error in 6ms (ActiveRecord: 0.1ms)

SyntaxError (/Users/LillianPham/Desktop/deployed-projects/bbq-master/app/views/layouts/application.html.erb:30: syntax error, unexpected keyword_ensure, expecting keyword_end
/Users/LillianPham/Desktop/deployed-projects/bbq-master/app/views/layouts/application.html.erb:32: syntax error, unexpected end-of-input, expecting keyword_end):
  app/views/layouts/application.html.erb:30: syntax error, unexpected keyword_ensure, expecting keyword_end
  app/views/layouts/application.html.erb:32: syntax error, unexpected end-of-input, expecting keyword_end


  Rendered /Users/LillianPham/.rvm/gems/ruby-2.3.1/gems/actionpack-4.2.3/lib/action_dispatch/middleware/templates/rescues/_source.erb (6.5ms)
  Rendered /Users/LillianPham/.rvm/gems/ruby-2.3.1/gems/actionpack-4.2.3/lib/action_dispatch/middleware/templates/rescues/_trace.html.erb (2.3ms)
  Rendered /Users/LillianPham/.rvm/gems/ruby-2.3.1/gems/actionpack-4.2.3/lib/action_dispatch/middleware/templates/rescues/_request_and_response.html.erb (1.3ms)
  Rendered /Users/LillianPham/.rvm/gems/ruby-2.3.1/gems/actionpack-4.2.3/lib/action_dispatch/middleware/templates/rescues/diagnostics.html.erb within rescues/layout (53.7ms)
  Rendered /Users/LillianPham/.rvm/gems/ruby-2.3.1/gems/web-console-2.3.0/lib/web_console/templates/_markup.html.erb (0.5ms)
  Rendered /Users/LillianPham/.rvm/gems/ruby-2.3.1/gems/web-console-2.3.0/lib/web_console/templates/_inner_console_markup.html.erb within layouts/inlined_string (0.5ms)
  Rendered /Users/LillianPham/.rvm/gems/ruby-2.3.1/gems/web-console-2.3.0/lib/web_console/templates/_prompt_box_markup.html.erb within layouts/inlined_string (0.3ms)
  Rendered /Users/LillianPham/.rvm/gems/ruby-2.3.1/gems/web-console-2.3.0/lib/web_console/templates/style.css.erb within layouts/inlined_string (0.4ms)
  Rendered /Users/LillianPham/.rvm/gems/ruby-2.3.1/gems/web-console-2.3.0/lib/web_console/templates/console.js.erb within layouts/javascript (46.2ms)
  Rendered /Users/LillianPham/.rvm/gems/ruby-2.3.1/gems/web-console-2.3.0/lib/web_console/templates/main.js.erb within layouts/javascript (0.4ms)
  Rendered /Users/LillianPham/.rvm/gems/ruby-2.3.1/gems/web-console-2.3.0/lib/web_console/templates/error_page.js.erb within layouts/javascript (0.4ms)
  Rendered /Users/LillianPham/.rvm/gems/ruby-2.3.1/gems/web-console-2.3.0/lib/web_console/templates/index.html.erb (99.4ms)


Started GET "/" for ::1 at 2016-09-22 18:18:25 -0400
Processing by BarbecuesController#index as HTML
  [1m[35mBarbecue Load (0.1ms)[0m  SELECT "barbecues".* FROM "barbecues"  ORDER BY "barbecues"."date" ASC
  Rendered barbecues/index.html.erb within layouts/application (1.1ms)
Completed 200 OK in 21ms (Views: 20.8ms | ActiveRecord: 0.1ms)


Started GET "/assets/application.self-43e07e36791731818727395c4a8e74ba48b66b09390bd4b0df842aae84ed1c58.css?body=1" for ::1 at 2016-09-22 18:18:26 -0400


Started GET "/assets/jquery.self-bd7ddd393353a8d2480a622e80342adf488fb6006d667e8b42e4c0073393abee.js?body=1" for ::1 at 2016-09-22 18:18:26 -0400


Started GET "/assets/jquery_ujs.self-784a997f6726036b1993eb2217c9cb558e1cbb801c6da88105588c56f13b466a.js?body=1" for ::1 at 2016-09-22 18:18:26 -0400


Started GET "/assets/application.self-3a3c8b61bda630ee689740ce7cbd0dd8ea6fdd45e2c42eef4661ab38cf268afe.js?body=1" for ::1 at 2016-09-22 18:18:26 -0400


Started GET "/assets/barbecues.self-769ad38923b78222da246dbdb074130da45744a25aca2328728f5e162936500c.js?body=1" for ::1 at 2016-09-22 18:18:26 -0400


Started GET "/assets/moment.self-0da3eb4ebf8fb8c3113d89afb90e5b7a87760d21b5b39a405a51fe05c8e40fd8.js?body=1" for ::1 at 2016-09-22 18:18:26 -0400


Started GET "/" for ::1 at 2016-09-22 18:18:27 -0400
Processing by BarbecuesController#index as HTML
  [1m[36mBarbecue Load (0.2ms)[0m  [1mSELECT "barbecues".* FROM "barbecues"  ORDER BY "barbecues"."date" ASC[0m
  Rendered barbecues/index.html.erb within layouts/application (1.3ms)
Completed 200 OK in 24ms (Views: 23.7ms | ActiveRecord: 0.2ms)


Started GET "/assets/application.self-43e07e36791731818727395c4a8e74ba48b66b09390bd4b0df842aae84ed1c58.css?body=1" for ::1 at 2016-09-22 18:18:27 -0400


Started GET "/assets/jquery.self-bd7ddd393353a8d2480a622e80342adf488fb6006d667e8b42e4c0073393abee.js?body=1" for ::1 at 2016-09-22 18:18:27 -0400


Started GET "/assets/moment.self-0da3eb4ebf8fb8c3113d89afb90e5b7a87760d21b5b39a405a51fe05c8e40fd8.js?body=1" for ::1 at 2016-09-22 18:18:27 -0400


Started GET "/assets/barbecues.self-769ad38923b78222da246dbdb074130da45744a25aca2328728f5e162936500c.js?body=1" for ::1 at 2016-09-22 18:18:27 -0400


Started GET "/assets/application.self-3a3c8b61bda630ee689740ce7cbd0dd8ea6fdd45e2c42eef4661ab38cf268afe.js?body=1" for ::1 at 2016-09-22 18:18:27 -0400


Started GET "/assets/jquery_ujs.self-784a997f6726036b1993eb2217c9cb558e1cbb801c6da88105588c56f13b466a.js?body=1" for ::1 at 2016-09-22 18:18:27 -0400


Started GET "/" for ::1 at 2016-09-22 18:18:50 -0400
Processing by BarbecuesController#index as HTML
  [1m[35mBarbecue Load (0.1ms)[0m  SELECT "barbecues".* FROM "barbecues"  ORDER BY "barbecues"."date" ASC
  Rendered barbecues/index.html.erb within layouts/application (1.2ms)
Completed 200 OK in 17ms (Views: 17.1ms | ActiveRecord: 0.1ms)


Started GET "/assets/application.self-43e07e36791731818727395c4a8e74ba48b66b09390bd4b0df842aae84ed1c58.css?body=1" for ::1 at 2016-09-22 18:18:50 -0400


Started GET "/assets/jquery.self-bd7ddd393353a8d2480a622e80342adf488fb6006d667e8b42e4c0073393abee.js?body=1" for ::1 at 2016-09-22 18:18:50 -0400


Started GET "/assets/jquery_ujs.self-784a997f6726036b1993eb2217c9cb558e1cbb801c6da88105588c56f13b466a.js?body=1" for ::1 at 2016-09-22 18:18:50 -0400


Started GET "/assets/moment.self-0da3eb4ebf8fb8c3113d89afb90e5b7a87760d21b5b39a405a51fe05c8e40fd8.js?body=1" for ::1 at 2016-09-22 18:18:50 -0400


Started GET "/assets/barbecues.self-769ad38923b78222da246dbdb074130da45744a25aca2328728f5e162936500c.js?body=1" for ::1 at 2016-09-22 18:18:50 -0400


Started GET "/assets/application.self-3a3c8b61bda630ee689740ce7cbd0dd8ea6fdd45e2c42eef4661ab38cf268afe.js?body=1" for ::1 at 2016-09-22 18:18:50 -0400


Started GET "/assets/bootstrap/glyphicons-halflings-regular-fe185d11a49676890d47bb783312a0cda5a44c4039214094e7957b4c040ef11c.woff2" for ::1 at 2016-09-22 18:18:50 -0400


Started GET "/" for ::1 at 2016-09-22 18:18:57 -0400
Processing by BarbecuesController#index as HTML
  [1m[36mBarbecue Load (0.1ms)[0m  [1mSELECT "barbecues".* FROM "barbecues"  ORDER BY "barbecues"."date" ASC[0m
  Rendered barbecues/index.html.erb within layouts/application (1.0ms)
Completed 200 OK in 16ms (Views: 16.1ms | ActiveRecord: 0.1ms)


Started GET "/" for ::1 at 2016-09-22 18:26:03 -0400
Processing by BarbecuesController#index as HTML
  [1m[35mBarbecue Load (0.3ms)[0m  SELECT "barbecues".* FROM "barbecues"  ORDER BY "barbecues"."date" ASC
  Rendered barbecues/index.html.erb within layouts/application (4.3ms)
Completed 200 OK in 133ms (Views: 128.1ms | ActiveRecord: 0.7ms)


Started GET "/assets/application.self-43e07e36791731818727395c4a8e74ba48b66b09390bd4b0df842aae84ed1c58.css?body=1" for ::1 at 2016-09-22 18:26:03 -0400


Started GET "/assets/jquery.self-bd7ddd393353a8d2480a622e80342adf488fb6006d667e8b42e4c0073393abee.js?body=1" for ::1 at 2016-09-22 18:26:03 -0400


Started GET "/assets/jquery_ujs.self-784a997f6726036b1993eb2217c9cb558e1cbb801c6da88105588c56f13b466a.js?body=1" for ::1 at 2016-09-22 18:26:03 -0400


Started GET "/assets/moment.self-0da3eb4ebf8fb8c3113d89afb90e5b7a87760d21b5b39a405a51fe05c8e40fd8.js?body=1" for ::1 at 2016-09-22 18:26:03 -0400


Started GET "/assets/barbecues.self-769ad38923b78222da246dbdb074130da45744a25aca2328728f5e162936500c.js?body=1" for ::1 at 2016-09-22 18:26:03 -0400


Started GET "/assets/application.self-3a3c8b61bda630ee689740ce7cbd0dd8ea6fdd45e2c42eef4661ab38cf268afe.js?body=1" for ::1 at 2016-09-22 18:26:03 -0400


Started GET "/assets/users.self-19a187bec6cdb96d6de80a61c16c857c613536adf9138476bd367db38d282635.js?body=1" for ::1 at 2016-09-22 18:26:03 -0400


Started GET "/assets/bootstrap/glyphicons-halflings-regular-fe185d11a49676890d47bb783312a0cda5a44c4039214094e7957b4c040ef11c.woff2" for ::1 at 2016-09-22 18:26:04 -0400


Started GET "/" for ::1 at 2016-09-22 18:26:07 -0400
Processing by BarbecuesController#index as HTML
  [1m[36mBarbecue Load (0.3ms)[0m  [1mSELECT "barbecues".* FROM "barbecues"  ORDER BY "barbecues"."date" ASC[0m
  Rendered barbecues/index.html.erb within layouts/application (2.2ms)
Completed 200 OK in 26ms (Views: 25.0ms | ActiveRecord: 0.3ms)


Started GET "/assets/application.self-43e07e36791731818727395c4a8e74ba48b66b09390bd4b0df842aae84ed1c58.css?body=1" for ::1 at 2016-09-22 18:26:07 -0400


Started GET "/assets/jquery.self-bd7ddd393353a8d2480a622e80342adf488fb6006d667e8b42e4c0073393abee.js?body=1" for ::1 at 2016-09-22 18:26:08 -0400


Started GET "/assets/jquery_ujs.self-784a997f6726036b1993eb2217c9cb558e1cbb801c6da88105588c56f13b466a.js?body=1" for ::1 at 2016-09-22 18:26:08 -0400


Started GET "/assets/moment.self-0da3eb4ebf8fb8c3113d89afb90e5b7a87760d21b5b39a405a51fe05c8e40fd8.js?body=1" for ::1 at 2016-09-22 18:26:08 -0400


Started GET "/assets/barbecues.self-769ad38923b78222da246dbdb074130da45744a25aca2328728f5e162936500c.js?body=1" for ::1 at 2016-09-22 18:26:08 -0400


Started GET "/assets/users.self-19a187bec6cdb96d6de80a61c16c857c613536adf9138476bd367db38d282635.js?body=1" for ::1 at 2016-09-22 18:26:08 -0400


Started GET "/assets/application.self-3a3c8b61bda630ee689740ce7cbd0dd8ea6fdd45e2c42eef4661ab38cf268afe.js?body=1" for ::1 at 2016-09-22 18:26:08 -0400


Started GET "/assets/bootstrap/glyphicons-halflings-regular-fe185d11a49676890d47bb783312a0cda5a44c4039214094e7957b4c040ef11c.woff2" for ::1 at 2016-09-22 18:26:08 -0400


Started GET "/" for ::1 at 2016-09-22 18:26:10 -0400
Processing by BarbecuesController#index as HTML
  [1m[35mBarbecue Load (0.1ms)[0m  SELECT "barbecues".* FROM "barbecues"  ORDER BY "barbecues"."date" ASC
  Rendered barbecues/index.html.erb within layouts/application (1.1ms)
Completed 200 OK in 22ms (Views: 22.0ms | ActiveRecord: 0.1ms)


Started GET "/index" for ::1 at 2016-09-22 18:26:15 -0400

ActionController::RoutingError (No route matches [GET] "/index"):
  actionpack (4.2.3) lib/action_dispatch/middleware/debug_exceptions.rb:21:in `call'
  web-console (2.3.0) lib/web_console/middleware.rb:28:in `block in call'
  web-console (2.3.0) lib/web_console/middleware.rb:18:in `catch'
  web-console (2.3.0) lib/web_console/middleware.rb:18:in `call'
  actionpack (4.2.3) lib/action_dispatch/middleware/show_exceptions.rb:30:in `call'
  railties (4.2.3) lib/rails/rack/logger.rb:38:in `call_app'
  railties (4.2.3) lib/rails/rack/logger.rb:20:in `block in call'
  activesupport (4.2.3) lib/active_support/tagged_logging.rb:68:in `block in tagged'
  activesupport (4.2.3) lib/active_support/tagged_logging.rb:26:in `tagged'
  activesupport (4.2.3) lib/active_support/tagged_logging.rb:68:in `tagged'
  railties (4.2.3) lib/rails/rack/logger.rb:20:in `call'
  actionpack (4.2.3) lib/action_dispatch/middleware/request_id.rb:21:in `call'
  rack (1.6.4) lib/rack/methodoverride.rb:22:in `call'
  rack (1.6.4) lib/rack/runtime.rb:18:in `call'
  activesupport (4.2.3) lib/active_support/cache/strategy/local_cache_middleware.rb:28:in `call'
  rack (1.6.4) lib/rack/lock.rb:17:in `call'
  actionpack (4.2.3) lib/action_dispatch/middleware/static.rb:116:in `call'
  rack (1.6.4) lib/rack/sendfile.rb:113:in `call'
  railties (4.2.3) lib/rails/engine.rb:518:in `call'
  railties (4.2.3) lib/rails/application.rb:165:in `call'
  rack (1.6.4) lib/rack/lock.rb:17:in `call'
  rack (1.6.4) lib/rack/content_length.rb:15:in `call'
  rack (1.6.4) lib/rack/handler/webrick.rb:88:in `service'
  /Users/LillianPham/.rvm/rubies/ruby-2.3.1/lib/ruby/2.3.0/webrick/httpserver.rb:140:in `service'
  /Users/LillianPham/.rvm/rubies/ruby-2.3.1/lib/ruby/2.3.0/webrick/httpserver.rb:96:in `run'
  /Users/LillianPham/.rvm/rubies/ruby-2.3.1/lib/ruby/2.3.0/webrick/server.rb:296:in `block in start_thread'


  Rendered /Users/LillianPham/.rvm/gems/ruby-2.3.1/gems/actionpack-4.2.3/lib/action_dispatch/middleware/templates/rescues/_trace.html.erb (2.0ms)
  Rendered /Users/LillianPham/.rvm/gems/ruby-2.3.1/gems/actionpack-4.2.3/lib/action_dispatch/middleware/templates/routes/_route.html.erb (1.9ms)
  Rendered /Users/LillianPham/.rvm/gems/ruby-2.3.1/gems/actionpack-4.2.3/lib/action_dispatch/middleware/templates/routes/_table.html.erb (3.5ms)
  Rendered /Users/LillianPham/.rvm/gems/ruby-2.3.1/gems/actionpack-4.2.3/lib/action_dispatch/middleware/templates/rescues/_request_and_response.html.erb (1.4ms)
  Rendered /Users/LillianPham/.rvm/gems/ruby-2.3.1/gems/actionpack-4.2.3/lib/action_dispatch/middleware/templates/rescues/routing_error.html.erb within rescues/layout (73.1ms)
  Rendered /Users/LillianPham/.rvm/gems/ruby-2.3.1/gems/web-console-2.3.0/lib/web_console/templates/_markup.html.erb (0.5ms)
  Rendered /Users/LillianPham/.rvm/gems/ruby-2.3.1/gems/web-console-2.3.0/lib/web_console/templates/_inner_console_markup.html.erb within layouts/inlined_string (0.4ms)
  Rendered /Users/LillianPham/.rvm/gems/ruby-2.3.1/gems/web-console-2.3.0/lib/web_console/templates/_prompt_box_markup.html.erb within layouts/inlined_string (0.3ms)
  Rendered /Users/LillianPham/.rvm/gems/ruby-2.3.1/gems/web-console-2.3.0/lib/web_console/templates/style.css.erb within layouts/inlined_string (0.4ms)
  Rendered /Users/LillianPham/.rvm/gems/ruby-2.3.1/gems/web-console-2.3.0/lib/web_console/templates/console.js.erb within layouts/javascript (48.2ms)
  Rendered /Users/LillianPham/.rvm/gems/ruby-2.3.1/gems/web-console-2.3.0/lib/web_console/templates/main.js.erb within layouts/javascript (0.3ms)
  Rendered /Users/LillianPham/.rvm/gems/ruby-2.3.1/gems/web-console-2.3.0/lib/web_console/templates/error_page.js.erb within layouts/javascript (0.8ms)
  Rendered /Users/LillianPham/.rvm/gems/ruby-2.3.1/gems/web-console-2.3.0/lib/web_console/templates/index.html.erb (118.0ms)


Started GET "/" for ::1 at 2016-09-22 18:26:17 -0400
Processing by BarbecuesController#index as HTML
  [1m[36mBarbecue Load (0.1ms)[0m  [1mSELECT "barbecues".* FROM "barbecues"  ORDER BY "barbecues"."date" ASC[0m
  Rendered barbecues/index.html.erb within layouts/application (1.2ms)
Completed 200 OK in 27ms (Views: 26.3ms | ActiveRecord: 0.1ms)


Started GET "/" for ::1 at 2016-09-22 18:26:47 -0400

ArgumentError (Invalid route name, already in use: 'root' 
You may have defined two routes with the same name using the `:as` option, or you may be overriding a route already defined by a resource with the same naming. For the latter, you can restrict the routes created with `resources` as explained here: 
http://guides.rubyonrails.org/routing.html#restricting-the-routes-created):
  config/routes.rb:4:in `block in <top (required)>'
  config/routes.rb:1:in `<top (required)>'


  Rendered /Users/LillianPham/.rvm/gems/ruby-2.3.1/gems/actionpack-4.2.3/lib/action_dispatch/middleware/templates/rescues/_source.erb (3.8ms)
  Rendered /Users/LillianPham/.rvm/gems/ruby-2.3.1/gems/actionpack-4.2.3/lib/action_dispatch/middleware/templates/rescues/_trace.html.erb (2.0ms)
  Rendered /Users/LillianPham/.rvm/gems/ruby-2.3.1/gems/actionpack-4.2.3/lib/action_dispatch/middleware/templates/rescues/_request_and_response.html.erb (0.7ms)
  Rendered /Users/LillianPham/.rvm/gems/ruby-2.3.1/gems/actionpack-4.2.3/lib/action_dispatch/middleware/templates/rescues/diagnostics.html.erb within rescues/layout (47.5ms)
  Rendered /Users/LillianPham/.rvm/gems/ruby-2.3.1/gems/web-console-2.3.0/lib/web_console/templates/_markup.html.erb (0.6ms)
  Rendered /Users/LillianPham/.rvm/gems/ruby-2.3.1/gems/web-console-2.3.0/lib/web_console/templates/_inner_console_markup.html.erb within layouts/inlined_string (0.6ms)
  Rendered /Users/LillianPham/.rvm/gems/ruby-2.3.1/gems/web-console-2.3.0/lib/web_console/templates/_prompt_box_markup.html.erb within layouts/inlined_string (0.3ms)
  Rendered /Users/LillianPham/.rvm/gems/ruby-2.3.1/gems/web-console-2.3.0/lib/web_console/templates/style.css.erb within layouts/inlined_string (0.3ms)
  Rendered /Users/LillianPham/.rvm/gems/ruby-2.3.1/gems/web-console-2.3.0/lib/web_console/templates/console.js.erb within layouts/javascript (36.2ms)
  Rendered /Users/LillianPham/.rvm/gems/ruby-2.3.1/gems/web-console-2.3.0/lib/web_console/templates/main.js.erb within layouts/javascript (0.5ms)
  Rendered /Users/LillianPham/.rvm/gems/ruby-2.3.1/gems/web-console-2.3.0/lib/web_console/templates/error_page.js.erb within layouts/javascript (0.5ms)
  Rendered /Users/LillianPham/.rvm/gems/ruby-2.3.1/gems/web-console-2.3.0/lib/web_console/templates/index.html.erb (81.1ms)


Started GET "/" for ::1 at 2016-09-22 18:27:31 -0400
Processing by UsersController#home as HTML
  Rendered users/home.html.erb within layouts/application (1.2ms)
Completed 200 OK in 38ms (Views: 37.3ms | ActiveRecord: 0.0ms)


Started GET "/assets/application.self-43e07e36791731818727395c4a8e74ba48b66b09390bd4b0df842aae84ed1c58.css?body=1" for ::1 at 2016-09-22 18:27:31 -0400


Started GET "/assets/jquery.self-bd7ddd393353a8d2480a622e80342adf488fb6006d667e8b42e4c0073393abee.js?body=1" for ::1 at 2016-09-22 18:27:31 -0400


Started GET "/assets/jquery_ujs.self-784a997f6726036b1993eb2217c9cb558e1cbb801c6da88105588c56f13b466a.js?body=1" for ::1 at 2016-09-22 18:27:31 -0400


Started GET "/assets/barbecues.self-769ad38923b78222da246dbdb074130da45744a25aca2328728f5e162936500c.js?body=1" for ::1 at 2016-09-22 18:27:31 -0400


Started GET "/assets/moment.self-0da3eb4ebf8fb8c3113d89afb90e5b7a87760d21b5b39a405a51fe05c8e40fd8.js?body=1" for ::1 at 2016-09-22 18:27:31 -0400


Started GET "/assets/users.self-19a187bec6cdb96d6de80a61c16c857c613536adf9138476bd367db38d282635.js?body=1" for ::1 at 2016-09-22 18:27:31 -0400


Started GET "/assets/application.self-3a3c8b61bda630ee689740ce7cbd0dd8ea6fdd45e2c42eef4661ab38cf268afe.js?body=1" for ::1 at 2016-09-22 18:27:31 -0400


Started GET "/" for ::1 at 2016-09-22 18:27:49 -0400
Processing by UsersController#home as HTML
  Rendered users/home.html.erb within layouts/application (1.0ms)
Completed 200 OK in 21ms (Views: 21.2ms | ActiveRecord: 0.0ms)


Started GET "/assets/application.self-43e07e36791731818727395c4a8e74ba48b66b09390bd4b0df842aae84ed1c58.css?body=1" for ::1 at 2016-09-22 18:27:49 -0400


Started GET "/assets/jquery.self-bd7ddd393353a8d2480a622e80342adf488fb6006d667e8b42e4c0073393abee.js?body=1" for ::1 at 2016-09-22 18:27:49 -0400


Started GET "/assets/jquery_ujs.self-784a997f6726036b1993eb2217c9cb558e1cbb801c6da88105588c56f13b466a.js?body=1" for ::1 at 2016-09-22 18:27:49 -0400


Started GET "/assets/application.self-3a3c8b61bda630ee689740ce7cbd0dd8ea6fdd45e2c42eef4661ab38cf268afe.js?body=1" for ::1 at 2016-09-22 18:27:49 -0400


Started GET "/assets/moment.self-0da3eb4ebf8fb8c3113d89afb90e5b7a87760d21b5b39a405a51fe05c8e40fd8.js?body=1" for ::1 at 2016-09-22 18:27:49 -0400


Started GET "/assets/barbecues.self-769ad38923b78222da246dbdb074130da45744a25aca2328728f5e162936500c.js?body=1" for ::1 at 2016-09-22 18:27:49 -0400


Started GET "/assets/users.self-19a187bec6cdb96d6de80a61c16c857c613536adf9138476bd367db38d282635.js?body=1" for ::1 at 2016-09-22 18:27:49 -0400


Started GET "/" for ::1 at 2016-09-22 18:27:59 -0400
Processing by UsersController#home as HTML
  Rendered users/home.html.erb within layouts/application (1.1ms)
Completed 200 OK in 22ms (Views: 22.0ms | ActiveRecord: 0.0ms)


Started GET "/assets/jquery.self-bd7ddd393353a8d2480a622e80342adf488fb6006d667e8b42e4c0073393abee.js?body=1" for ::1 at 2016-09-22 18:27:59 -0400


Started GET "/assets/application.self-43e07e36791731818727395c4a8e74ba48b66b09390bd4b0df842aae84ed1c58.css?body=1" for ::1 at 2016-09-22 18:27:59 -0400


Started GET "/assets/jquery_ujs.self-784a997f6726036b1993eb2217c9cb558e1cbb801c6da88105588c56f13b466a.js?body=1" for ::1 at 2016-09-22 18:27:59 -0400


Started GET "/assets/moment.self-0da3eb4ebf8fb8c3113d89afb90e5b7a87760d21b5b39a405a51fe05c8e40fd8.js?body=1" for ::1 at 2016-09-22 18:27:59 -0400


Started GET "/assets/barbecues.self-769ad38923b78222da246dbdb074130da45744a25aca2328728f5e162936500c.js?body=1" for ::1 at 2016-09-22 18:27:59 -0400


Started GET "/assets/application.self-3a3c8b61bda630ee689740ce7cbd0dd8ea6fdd45e2c42eef4661ab38cf268afe.js?body=1" for ::1 at 2016-09-22 18:27:59 -0400


Started GET "/assets/users.self-19a187bec6cdb96d6de80a61c16c857c613536adf9138476bd367db38d282635.js?body=1" for ::1 at 2016-09-22 18:27:59 -0400


Started GET "/users/sign_up" for ::1 at 2016-09-22 18:28:02 -0400
Processing by Devise::RegistrationsController#new as HTML
  Rendered /Users/LillianPham/.rvm/gems/ruby-2.3.1/gems/devise-4.2.0/app/views/devise/shared/_links.html.erb (1.3ms)
  Rendered /Users/LillianPham/.rvm/gems/ruby-2.3.1/gems/devise-4.2.0/app/views/devise/registrations/new.html.erb within layouts/application (13.5ms)
Completed 200 OK in 54ms (Views: 39.1ms | ActiveRecord: 0.6ms)


Started GET "/users/sign_up" for ::1 at 2016-09-22 18:30:37 -0400
Processing by Devise::RegistrationsController#new as HTML
  Rendered /Users/LillianPham/.rvm/gems/ruby-2.3.1/gems/devise-4.2.0/app/views/devise/shared/_links.html.erb (0.6ms)
  Rendered /Users/LillianPham/.rvm/gems/ruby-2.3.1/gems/devise-4.2.0/app/views/devise/registrations/new.html.erb within layouts/application (5.9ms)
Completed 200 OK in 49ms (Views: 40.0ms | ActiveRecord: 0.6ms)


Started GET "/assets/application.self-43e07e36791731818727395c4a8e74ba48b66b09390bd4b0df842aae84ed1c58.css?body=1" for ::1 at 2016-09-22 18:30:37 -0400


Started GET "/assets/jquery.self-bd7ddd393353a8d2480a622e80342adf488fb6006d667e8b42e4c0073393abee.js?body=1" for ::1 at 2016-09-22 18:30:37 -0400


Started GET "/assets/jquery_ujs.self-784a997f6726036b1993eb2217c9cb558e1cbb801c6da88105588c56f13b466a.js?body=1" for ::1 at 2016-09-22 18:30:37 -0400


Started GET "/assets/moment.self-0da3eb4ebf8fb8c3113d89afb90e5b7a87760d21b5b39a405a51fe05c8e40fd8.js?body=1" for ::1 at 2016-09-22 18:30:37 -0400


Started GET "/assets/users.self-19a187bec6cdb96d6de80a61c16c857c613536adf9138476bd367db38d282635.js?body=1" for ::1 at 2016-09-22 18:30:37 -0400


Started GET "/assets/barbecues.self-769ad38923b78222da246dbdb074130da45744a25aca2328728f5e162936500c.js?body=1" for ::1 at 2016-09-22 18:30:37 -0400


Started GET "/assets/application.self-3a3c8b61bda630ee689740ce7cbd0dd8ea6fdd45e2c42eef4661ab38cf268afe.js?body=1" for ::1 at 2016-09-22 18:30:37 -0400


Started GET "/users/sign_up" for ::1 at 2016-09-22 18:33:17 -0400
Processing by Devise::RegistrationsController#new as HTML
  Rendered devise/shared/_links.html.erb (0.8ms)
  Rendered devise/registrations/new.html.erb within layouts/application (4.5ms)
Completed 200 OK in 45ms (Views: 42.8ms | ActiveRecord: 0.0ms)


Started GET "/assets/jquery.self-bd7ddd393353a8d2480a622e80342adf488fb6006d667e8b42e4c0073393abee.js?body=1" for ::1 at 2016-09-22 18:33:17 -0400


Started GET "/assets/application.self-43e07e36791731818727395c4a8e74ba48b66b09390bd4b0df842aae84ed1c58.css?body=1" for ::1 at 2016-09-22 18:33:17 -0400


Started GET "/assets/jquery_ujs.self-784a997f6726036b1993eb2217c9cb558e1cbb801c6da88105588c56f13b466a.js?body=1" for ::1 at 2016-09-22 18:33:17 -0400


Started GET "/assets/moment.self-0da3eb4ebf8fb8c3113d89afb90e5b7a87760d21b5b39a405a51fe05c8e40fd8.js?body=1" for ::1 at 2016-09-22 18:33:17 -0400


Started GET "/assets/barbecues.self-769ad38923b78222da246dbdb074130da45744a25aca2328728f5e162936500c.js?body=1" for ::1 at 2016-09-22 18:33:17 -0400


Started GET "/assets/users.self-19a187bec6cdb96d6de80a61c16c857c613536adf9138476bd367db38d282635.js?body=1" for ::1 at 2016-09-22 18:33:17 -0400


Started GET "/assets/application.self-3a3c8b61bda630ee689740ce7cbd0dd8ea6fdd45e2c42eef4661ab38cf268afe.js?body=1" for ::1 at 2016-09-22 18:33:17 -0400
